\BOOKMARK [1][-]{section.1}{\376\377\145\271\150\110\213\272\213\301}{}% 1
\BOOKMARK [2][-]{subsection.1.1}{\376\377\145\271\150\110\116\000\000:\000\040\217\320\173\227\145\076\131\047\126\150\176\323\124\010\120\022\000T\127\213\000D\000A\000C\165\065\226\073\177\121\176\334}{section.1}% 2
\BOOKMARK [2][-]{subsection.1.2}{\376\377\145\271\150\110\116\214\000:\000\040\127\372\116\216\000V\000C\000A\0008\0002\0001\166\204\000A\000G\000C\165\065\215\357}{section.1}% 3
\BOOKMARK [2][-]{subsection.1.3}{\376\377\145\271\150\110\116\011\000:\000\040\127\372\116\216\145\160\133\127\165\065\117\115\126\150\166\204\000A\000G\000C\165\065\215\357}{section.1}% 4
\BOOKMARK [2][-]{subsection.1.4}{\376\377\176\374\124\010\122\006\147\220}{section.1}% 5
\BOOKMARK [1][-]{section.2}{\376\377\170\154\116\366\213\276\213\241}{}% 6
\BOOKMARK [2][-]{subsection.2.1}{\376\377\170\154\116\366\220\011\127\213}{section.2}% 7
\BOOKMARK [3][-]{subsubsection.2.1.1}{\376\377\217\320\173\227\145\076\131\047\126\150\377\032\000O\000P\000A\0002\0001\0003\0004}{subsection.2.1}% 8
\BOOKMARK [3][-]{subsubsection.2.1.2}{\376\377\147\011\145\110\120\074\150\300\154\342\165\065\215\357\377\032\000L\000F\0003\0005\0003}{subsection.2.1}% 9
\BOOKMARK [3][-]{subsubsection.2.1.3}{\376\377\145\160\133\127\165\065\117\115\126\150\377\032\000A\000D\0005\0002\0009\0003}{subsection.2.1}% 10
\BOOKMARK [3][-]{subsubsection.2.1.4}{\376\377\000A\000D\000C\221\307\150\067\152\041\127\127\377\032\000A\000D\000S\0001\0001\0001\0005}{subsection.2.1}% 11
\BOOKMARK [3][-]{subsubsection.2.1.5}{\376\377\000M\000C\000U\377\032\000S\000T\000M\0003\0002\000F\0001\0000\0003\000Z\000E\000T\0006}{subsection.2.1}% 12
\BOOKMARK [3][-]{subsubsection.2.1.6}{\376\377\146\076\171\072\134\117\377\032\000O\000L\000E\000D\146\076\171\072\134\117\0000\000.\0009\0006\133\370}{subsection.2.1}% 13
\BOOKMARK [3][-]{subsubsection.2.1.7}{\376\377\140\073\176\323}{subsection.2.1}% 14
\BOOKMARK [2][-]{subsection.2.2}{\376\377\170\154\116\366\213\276\213\241\145\271\150\110}{section.2}% 15
\BOOKMARK [2][-]{subsection.2.3}{\376\377\123\357\214\003\116\044\176\247\123\315\124\021\145\076\131\047\165\065\215\357}{section.2}% 16
\BOOKMARK [2][-]{subsection.2.4}{\376\377\147\011\145\110\120\074\150\300\154\342\165\065\215\357}{section.2}% 17
\BOOKMARK [2][-]{subsection.2.5}{\376\377\000A\000D\000C\221\307\150\067\152\041\127\127}{section.2}% 18
\BOOKMARK [2][-]{subsection.2.6}{\376\377\123\302\145\160\122\006\147\220}{section.2}% 19
\BOOKMARK [3][-]{subsubsection.2.6.1}{\376\377\136\046\133\275}{subsection.2.6}% 20
\BOOKMARK [3][-]{subsubsection.2.6.2}{\376\377\217\223\121\145\226\073\142\227}{subsection.2.6}% 21
\BOOKMARK [3][-]{subsubsection.2.6.3}{\376\377\217\223\121\372\226\073\142\227}{subsection.2.6}% 22
\BOOKMARK [1][-]{section.3}{\376\377\217\157\116\366\213\276\213\241}{}% 23
\BOOKMARK [2][-]{subsection.3.1}{\376\377\000A\000D\221\307\150\067}{section.3}% 24
\BOOKMARK [3][-]{subsubsection.3.1.1}{\376\377\000A\000D\000S\0001\0001\0001\0005\173\200\116\313}{subsection.3.1}% 25
\BOOKMARK [3][-]{subsubsection.3.1.2}{\376\377\220\032\117\341\145\271\137\017}{subsection.3.1}% 26
\BOOKMARK [3][-]{subsubsection.3.1.3}{\376\377\000A\000D\000S\0001\0001\0001\0005\213\373\121\231\145\366\136\217\155\101\172\013}{subsection.3.1}% 27
\BOOKMARK [3][-]{subsubsection.3.1.4}{\376\377\000A\000D\000S\0001\0001\0001\0005\217\223\121\372\145\160\143\156\150\074\137\017}{subsection.3.1}% 28
\BOOKMARK [3][-]{subsubsection.3.1.5}{\376\377\172\013\136\217\155\101\172\013\126\376}{subsection.3.1}% 29
\BOOKMARK [2][-]{subsection.3.2}{\376\377\145\160\133\127\165\065\117\115\126\150}{section.3}% 30
\BOOKMARK [3][-]{subsubsection.3.2.1}{\376\377\000A\000D\0005\0002\0009\0003\173\200\116\313}{subsection.3.2}% 31
\BOOKMARK [3][-]{subsubsection.3.2.2}{\376\377\172\013\136\217\155\101\172\013\126\376}{subsection.3.2}% 32
\BOOKMARK [3][-]{subsubsection.3.2.3}{\376\377\000A\000D\0005\0002\0009\0003\220\032\117\341}{subsection.3.2}% 33
\BOOKMARK [3][-]{subsubsection.3.2.4}{\376\377\000S\000P\000I\220\032\117\341\173\200\116\313}{subsection.3.2}% 34
\BOOKMARK [3][-]{subsubsection.3.2.5}{\376\377\137\025\201\032\213\364\146\016}{subsection.3.2}% 35
\BOOKMARK [3][-]{subsubsection.3.2.6}{\376\377\172\013\136\217\155\101\172\013\126\376}{subsection.3.2}% 36
\BOOKMARK [2][-]{subsection.3.3}{\376\377\116\073\172\013\136\217}{section.3}% 37
\BOOKMARK [3][-]{subsubsection.3.3.1}{\376\377\116\073\172\013\136\217\116\313\176\315}{subsection.3.3}% 38
\BOOKMARK [3][-]{subsubsection.3.3.2}{\376\377\116\073\172\013\136\217\155\101\172\013\126\376}{subsection.3.3}% 39
\BOOKMARK [1][-]{section.4}{\376\377\174\373\176\337\155\113\213\325}{}% 40
\BOOKMARK [2][-]{subsection.4.1}{\376\377\155\113\213\325\151\202\217\360}{section.4}% 41
\BOOKMARK [2][-]{subsection.4.2}{\376\377\127\372\147\054\211\201\154\102\000\050\0001\000\051}{section.4}% 42
\BOOKMARK [2][-]{subsection.4.3}{\376\377\127\372\147\054\211\201\154\102\000\050\0002\000\051}{section.4}% 43
\BOOKMARK [2][-]{subsection.4.4}{\376\377\127\372\147\054\211\201\154\102\000\050\0003\000\051\116\016\143\320\232\330\211\201\154\102\000\050\0001\000\051}{section.4}% 44
\BOOKMARK [2][-]{subsection.4.5}{\376\377\143\320\232\330\211\201\154\102\000\050\0002\000\051}{section.4}% 45
\BOOKMARK [1][-]{section.5}{\376\377\126\342\226\037\122\006\135\345}{}% 46
\BOOKMARK [1][-]{section.6}{\376\377\140\073\176\323}{}% 47
\BOOKMARK [1][-]{section.7}{\376\377\226\104\137\125}{}% 48
\BOOKMARK [1][-]{appendix.1.A}{\376\377\170\154\116\366\140\073\117\123\116\377\167\037\165\065\215\357\126\376\000\050\000p\000r\000o\000t\000e\000u\000s\116\377\167\037\000\051}{}% 49
\BOOKMARK [1][-]{appendix.1.B}{\376\377\145\160\133\127\165\065\117\115\126\150\166\204\123\237\164\006\126\376\123\312\000P\000C\000B}{}% 50
\BOOKMARK [1][-]{appendix.1.C}{\376\377\170\154\116\366\133\236\162\151\126\376}{}% 51
\BOOKMARK [1][-]{appendix.1.D}{\376\377\000m\000a\000i\000n\000.\000c}{}% 52
